<?xml version="1.0" encoding="UTF-8"?>
<testng-results skipped="0" failed="0" total="1" passed="1">
  <reporter-output>
  </reporter-output>
  <suite name="Command line suite" duration-ms="231" started-at="2015-05-21T00:12:39Z" finished-at="2015-05-21T00:12:39Z">
    <groups>
    </groups>
    <test name="Command line test" duration-ms="231" started-at="2015-05-21T00:12:39Z" finished-at="2015-05-21T00:12:39Z">
      <class name="ReviewAndInformation.AppTest">
        <test-method status="PASS" signature="testApp()[pri:0, instance:testApp(ReviewAndInformation.AppTest)]" name="testApp" duration-ms="11" started-at="2015-05-21T02:12:39Z" finished-at="2015-05-21T02:12:39Z">
          <reporter-output>
          </reporter-output>
        </test-method> <!-- testApp -->
      </class> <!-- ReviewAndInformation.AppTest -->
    </test> <!-- Command line test -->
  </suite> <!-- Command line suite -->
</testng-results>
